<?xml version="1.0" encoding="UTF-8"?>
<coverage generated="1577639072755" clover="3.2.0">
  <project timestamp="1577639072755" name="All files">
    <metrics statements="9" coveredstatements="8" conditionals="4" coveredconditionals="3" methods="4" coveredmethods="4" elements="17" coveredelements="15" complexity="0" loc="9" ncloc="9" packages="1" files="1" classes="1">
      <file name="App.js" path="/Users/mani/Development/code/New-Concepts/Testing/Level-Up-JavaScript-Testing-101/src/App.js">
        <metrics statements="9" coveredstatements="8" conditionals="4" coveredconditionals="3" methods="4" coveredmethods="4"/>
        <line num="1" count="3" type="stmt"/>
        <line num="3" count="1" type="stmt"/>
        <line num="4" count="1" type="stmt"/>
        <line num="7" count="1" type="stmt"/>
        <line num="8" count="4" type="cond" truecount="2" falsecount="0"/>
        <line num="9" count="9" type="stmt"/>
        <line num="10" count="1" type="cond" truecount="1" falsecount="1"/>
        <line num="11" count="0" type="stmt"/>
        <line num="13" count="1" type="stmt"/>
      </file>
    </metrics>
  </project>
</coverage>
