{"/Users/mani/Development/code/New-Concepts/Testing/Level-Up-JavaScript-Testing-101/src/App.js": {"path":"/Users/mani/Development/code/New-Concepts/Testing/Level-Up-JavaScript-Testing-101/src/App.js","statementMap":{"0":{"start":{"line":1,"column":19},"end":{"line":1,"column":34}},"1":{"start":{"line":1,"column":29},"end":{"line":1,"column":34}},"2":{"start":{"line":3,"column":21},"end":{"line":5,"column":1}},"3":{"start":{"line":4,"column":1},"end":{"line":4,"column":38}},"4":{"start":{"line":7,"column":28},"end":{"line":15,"column":1}},"5":{"start":{"line":8,"column":1},"end":{"line":14,"column":2}},"6":{"start":{"line":9,"column":2},"end":{"line":9,"column":83}},"7":{"start":{"line":9,"column":35},"end":{"line":9,"column":81}},"8":{"start":{"line":10,"column":8},"end":{"line":14,"column":2}},"9":{"start":{"line":11,"column":2},"end":{"line":11,"column":32}},"10":{"start":{"line":13,"column":2},"end":{"line":13,"column":39}}},"fnMap":{"0":{"name":"(anonymous_0)","decl":{"start":{"line":1,"column":19},"end":{"line":1,"column":20}},"loc":{"start":{"line":1,"column":29},"end":{"line":1,"column":34}},"line":1},"1":{"name":"(anonymous_1)","decl":{"start":{"line":3,"column":21},"end":{"line":3,"column":22}},"loc":{"start":{"line":3,"column":45},"end":{"line":5,"column":1}},"line":3},"2":{"name":"(anonymous_2)","decl":{"start":{"line":7,"column":28},"end":{"line":7,"column":29}},"loc":{"start":{"line":7,"column":51},"end":{"line":15,"column":1}},"line":7},"3":{"name":"(anonymous_3)","decl":{"start":{"line":9,"column":22},"end":{"line":9,"column":23}},"loc":{"start":{"line":9,"column":35},"end":{"line":9,"column":81}},"line":9}},"branchMap":{"0":{"loc":{"start":{"line":8,"column":1},"end":{"line":14,"column":2}},"type":"if","locations":[{"start":{"line":8,"column":1},"end":{"line":14,"column":2}},{"start":{"line":8,"column":1},"end":{"line":14,"column":2}}],"line":8},"1":{"loc":{"start":{"line":10,"column":8},"end":{"line":14,"column":2}},"type":"if","locations":[{"start":{"line":10,"column":8},"end":{"line":14,"column":2}},{"start":{"line":10,"column":8},"end":{"line":14,"column":2}}],"line":10}},"s":{"0":1,"1":3,"2":1,"3":1,"4":1,"5":4,"6":3,"7":9,"8":1,"9":0,"10":1},"f":{"0":3,"1":1,"2":4,"3":9},"b":{"0":[3,1],"1":[0,1]},"_coverageSchema":"332fd63041d2c1bcb487cc26dd0d5f7d97098a6c","hash":"4dc91138cd5b7bc1d9a271443afd8c01ca9083d4"}
}
